2021-10-06 17:31:59 [main] [,] ERROR  o.s.boot.SpringApplication - Application run failed
java.lang.IllegalStateException: java.lang.IllegalStateException: Logback configuration error detected: 
ERROR in ch.qos.logback.core.joran.action.NestedComplexPropertyIA - Could not create component [encoder] of type [net.logstash.logback.encoder.LogstashEncoder] java.lang.ClassNotFoundException: net.logstash.logback.encoder.LogstashEncoder
ERROR in ch.qos.logback.core.rolling.RollingFileAppender[STASH] - No encoder set for the appender named "STASH".
	at org.springframework.boot.context.logging.LoggingApplicationListener.initializeSystem(LoggingApplicationListener.java:328)
	at org.springframework.boot.context.logging.LoggingApplicationListener.initialize(LoggingApplicationListener.java:282)
	at org.springframework.boot.context.logging.LoggingApplicationListener.onApplicationEnvironmentPreparedEvent(LoggingApplicationListener.java:240)
	at org.springframework.boot.context.logging.LoggingApplicationListener.onApplicationEvent(LoggingApplicationListener.java:216)
	at org.springframework.context.event.SimpleApplicationEventMulticaster.doInvokeListener(SimpleApplicationEventMulticaster.java:176)
	at org.springframework.context.event.SimpleApplicationEventMulticaster.invokeListener(SimpleApplicationEventMulticaster.java:169)
	at org.springframework.context.event.SimpleApplicationEventMulticaster.multicastEvent(SimpleApplicationEventMulticaster.java:143)
	at org.springframework.context.event.SimpleApplicationEventMulticaster.multicastEvent(SimpleApplicationEventMulticaster.java:131)
	at org.springframework.boot.context.event.EventPublishingRunListener.environmentPrepared(EventPublishingRunListener.java:82)
	at org.springframework.boot.SpringApplicationRunListeners.lambda$environmentPrepared$2(SpringApplicationRunListeners.java:63)
	at java.base/java.util.ArrayList.forEach(ArrayList.java:1541)
	at org.springframework.boot.SpringApplicationRunListeners.doWithListeners(SpringApplicationRunListeners.java:117)
	at org.springframework.boot.SpringApplicationRunListeners.doWithListeners(SpringApplicationRunListeners.java:111)
	at org.springframework.boot.SpringApplicationRunListeners.environmentPrepared(SpringApplicationRunListeners.java:62)
	at org.springframework.boot.SpringApplication.prepareEnvironment(SpringApplication.java:374)
	at org.springframework.boot.SpringApplication.run(SpringApplication.java:332)
	at org.springframework.boot.SpringApplication.run(SpringApplication.java:1343)
	at org.springframework.boot.SpringApplication.run(SpringApplication.java:1332)
	at com.czetsuyatech.kafka.service.Application.main(Application.java:18)
Caused by: java.lang.IllegalStateException: Logback configuration error detected: 
ERROR in ch.qos.logback.core.joran.action.NestedComplexPropertyIA - Could not create component [encoder] of type [net.logstash.logback.encoder.LogstashEncoder] java.lang.ClassNotFoundException: net.logstash.logback.encoder.LogstashEncoder
ERROR in ch.qos.logback.core.rolling.RollingFileAppender[STASH] - No encoder set for the appender named "STASH".
	at org.springframework.boot.logging.logback.LogbackLoggingSystem.loadConfiguration(LogbackLoggingSystem.java:179)
	at org.springframework.boot.logging.AbstractLoggingSystem.initializeWithConventions(AbstractLoggingSystem.java:80)
	at org.springframework.boot.logging.AbstractLoggingSystem.initialize(AbstractLoggingSystem.java:60)
	at org.springframework.boot.logging.logback.LogbackLoggingSystem.initialize(LogbackLoggingSystem.java:132)
	at org.springframework.boot.context.logging.LoggingApplicationListener.initializeSystem(LoggingApplicationListener.java:313)
	... 18 common frames omitted
2021-10-06 17:34:46 [main] [,] INFO   c.c.kafka.service.Application - Starting Application using Java 11.0.11 on EdwardLegaspi.local with PID 56083 (/Users/czetsuya/Project/Experimental/kafka-client/random-words-to-kafka-service/target/classes started by czetsuya in /Users/czetsuya/Project/Experimental/kafka-client)
2021-10-06 17:34:46 [main] [,] INFO   c.c.kafka.service.Application - No active profile set, falling back to default profiles: default
2021-10-06 17:34:47 [main] [,] WARN   o.s.b.w.r.c.AnnotationConfigReactiveWebServerApplicationContext - Exception encountered during context initialization - cancelling refresh attempt: org.springframework.beans.factory.UnsatisfiedDependencyException: Error creating bean with name 'application': Unsatisfied dependency expressed through constructor parameter 0; nested exception is org.springframework.beans.factory.UnsatisfiedDependencyException: Error creating bean with name 'kafkaStreamInitializer' defined in file [/Users/czetsuya/Project/Experimental/kafka-client/random-words-to-kafka-service/target/classes/com/czetsuyatech/kafka/service/init/impl/KafkaStreamInitializer.class]: Unsatisfied dependency expressed through constructor parameter 0; nested exception is org.springframework.beans.factory.NoSuchBeanDefinitionException: No qualifying bean of type 'com.czetsuyatech.kafka.admin.config.KafkaConfigData' available: expected at least 1 bean which qualifies as autowire candidate. Dependency annotations: {}
2021-10-06 17:34:47 [main] [,] INFO   o.s.b.a.l.ConditionEvaluationReportLoggingListener - 

Error starting ApplicationContext. To display the conditions report re-run your application with 'debug' enabled.
2021-10-06 17:34:47 [main] [,] ERROR  o.s.b.d.LoggingFailureAnalysisReporter - 

***************************
APPLICATION FAILED TO START
***************************

Description:

Parameter 0 of constructor in com.czetsuyatech.kafka.service.init.impl.KafkaStreamInitializer required a bean of type 'com.czetsuyatech.kafka.admin.config.KafkaConfigData' that could not be found.


Action:

Consider defining a bean of type 'com.czetsuyatech.kafka.admin.config.KafkaConfigData' in your configuration.

2021-10-06 17:35:34 [main] [,] INFO   c.c.kafka.service.Application - Starting Application using Java 11.0.11 on EdwardLegaspi.local with PID 56348 (/Users/czetsuya/Project/Experimental/kafka-client/random-words-to-kafka-service/target/classes started by czetsuya in /Users/czetsuya/Project/Experimental/kafka-client)
2021-10-06 17:35:34 [main] [,] INFO   c.c.kafka.service.Application - No active profile set, falling back to default profiles: default
2021-10-06 17:35:34 [main] [,] WARN   o.s.b.w.r.c.AnnotationConfigReactiveWebServerApplicationContext - Exception encountered during context initialization - cancelling refresh attempt: org.springframework.beans.factory.UnsatisfiedDependencyException: Error creating bean with name 'application': Unsatisfied dependency expressed through constructor parameter 0; nested exception is org.springframework.beans.factory.UnsatisfiedDependencyException: Error creating bean with name 'kafkaStreamInitializer' defined in file [/Users/czetsuya/Project/Experimental/kafka-client/random-words-to-kafka-service/target/classes/com/czetsuyatech/kafka/service/init/impl/KafkaStreamInitializer.class]: Unsatisfied dependency expressed through constructor parameter 0; nested exception is org.springframework.beans.factory.NoSuchBeanDefinitionException: No qualifying bean of type 'com.czetsuyatech.kafka.admin.config.KafkaConfigData' available: expected at least 1 bean which qualifies as autowire candidate. Dependency annotations: {}
2021-10-06 17:35:34 [main] [,] INFO   o.s.b.a.l.ConditionEvaluationReportLoggingListener - 

Error starting ApplicationContext. To display the conditions report re-run your application with 'debug' enabled.
2021-10-06 17:35:34 [main] [,] ERROR  o.s.b.d.LoggingFailureAnalysisReporter - 

***************************
APPLICATION FAILED TO START
***************************

Description:

Parameter 0 of constructor in com.czetsuyatech.kafka.service.init.impl.KafkaStreamInitializer required a bean of type 'com.czetsuyatech.kafka.admin.config.KafkaConfigData' that could not be found.


Action:

Consider defining a bean of type 'com.czetsuyatech.kafka.admin.config.KafkaConfigData' in your configuration.

